=== Syncing Congress.gov Data (119th Congress) ===

  119-hr-144: Tennessee Valley Authority Salary Transparency Act
  119-hr-134: Protecting our Communities from Sexual Predators Act
  119-hr-173: High Rise Fire Sprinkler Incentive Act of 2025
  119-hr-209: Inaction Has Consequences Act
  119-hr-68: Housing Fairness Act of 2025
  119-hr-187: MAPWaters Act of 2025
  119-hr-166: Fair Lending for All Act
  119-hr-22: SAVE Act
  119-hr-28: Protection of Women and Girls in Sports Act of 2025
  119-hr-170: USPS Subpoena Authority Act
  119-hr-105: Increasing Public Access to Recreation Act
  119-hr-171: Make Transportation Authorities Accountable and Transparent 
  119-hr-37: Proposing a Federal debt limit amendment to the Constitution
  119-hr-50: KAMALA Act
  119-hr-96: Buzz Off Act
  119-hr-119: To prohibit any entity that receives Federal funds from the 
  119-hr-66: Federal Employee Student Debt Transparency Act
  119-hr-83: Ending Common Core and Expanding School Choice Act
  119-hr-48: Ultrasound Informed Consent Act
  119-hr-147: FinCEN Oversight and Accountability Act of 2025
  119-hr-39: Original Honoring Our WWII Merchant Mariners Act of 2025
  119-hr-202: Commission to Relocate the Federal Bureaucracy Act
  119-hr-138: Lowering Costs for Caregivers Act of 2025
  119-hr-196: Family and Small Business Taxpayer Protection Act
  119-hr-108: Space Research Innovation Act
  119-hr-74: Freedom for Families Act
  119-hr-189: Securities and Exchange Commission Real Estate Leasing Autho
  119-hr-114: Responsible Path to Full Obamacare Repeal Act
  119-hr-178: To require the Secretary of Agriculture to carry out activit
  119-hr-192: Amtrak Executive Bonus Disclosure Act
  119-hr-58: Voter Integrity Protection Act
  119-hr-65: Armed Forces Endangered Species Exemption Act
  119-hr-205: No Congressional Funds for Sanctuary Cities Act
  119-hr-120: No Mandates Act
  119-hr-200: Federal Freeze Act
  119-hr-95: One Bill, One Subject Transparency Act
  119-hr-146: Prohibition on IOER Act of 2025
  119-hr-136: Veteran Overmedication and Suicide Prevention Act of 2025
  119-hr-125: Limiting Emergency Powers Act of 2025
  119-hr-197: Lake Winnibigoshish Land Exchange Act of 2025
  119-hr-188: Amtrak Transparency and Accountability for Passengers and Ta
  119-hr-59: Mens Rea Reform Act of 2025
  119-hr-175: Deport Alien Gang Members Act
  119-hr-56: Secret Service Prioritization Act of 2025
  119-hr-122: Original LAW Act
  119-hr-155: Let America Vote Act
  119-hr-126: Original Students Voicing Opinions in Today’s Elections (VOT
  119-hr-55: To repeal the National Voter Registration Act of 1993.
  119-hr-164: POWER Act of 2025
  119-hr-23: Illegitimate Court Counteraction Act
  119-hr-131: Finish the Arkansas Valley Conduit Act
  119-hr-142: Regulations from the Executive in Need of Scrutiny Act of 20
  119-hr-30: Preventing Violence Against Women by Illegal Aliens Act
  119-hr-115: No Free Rent for Freeloaders Act of 2025
  119-hr-158: CLEAN Elections Act
  119-hr-184: Action Versus No Action Act
  119-hr-179: Proven Forest Management Act of 2025
  119-hr-133: Protecting American Energy Production Act
  119-hr-110: Small Business Prosperity Act of 2025
  119-hr-150: People CARE Act
  119-hr-64: Grant’s Law
  119-hr-124: Byron Nash Renal Medullary Carcinoma Awareness Act of 2023
  119-hr-156: Securing our Elections Act of 2025
  119-hr-160: Restoring Faith in Elections Act
  119-hr-76: Fund and Complete the Border Wall Act
  119-hr-195: CBP Relocation Act
  119-hr-80: Drain the Intelligence Community Swamp Act of 2025
  119-hr-152: Federal Disaster Assistance Coordination Act
  119-hr-169: Prevent Family Fire Act of 2025
  119-hr-123: Improving Science in Chemical Assessments Act
  119-hr-111: To amend the Internal Revenue Code of 1986 to allow an above
  119-hr-165: Wounded Knee Massacre Memorial and Sacred Site Act
  119-hr-47: VOICE Restoration Act
  119-hr-45: FIND Act
  119-hr-97: Injunctive Authority Clarification Act of 2025
  119-hr-185: Responsible Legislating Act
  119-hr-60: Knife Owners’ Protection Act of 2025
  119-hr-85: Small Business Flexibility Act
  119-hr-207: SHARKED Act of 2025
  119-hr-43: Alaska Native Village Municipal Lands Restoration Act of 202
  119-hr-100: Protect the Gig Economy Act of 2025
  119-hr-44: Rural 340B Access Act of 2025
  119-hr-127: Protection from Obamacare Mandates and Congressional Equity 
  119-hr-92: Strategic Production Response and Implementation Act
  119-hr-180: Endangered Species Transparency and Reasonableness Act of 20
  119-hr-129: Abolish the ATF Act
  119-hr-46: Rural Broadband Window of Opportunity Act
  119-hr-163: Finish the Wall Act
  119-hr-107: Return to Work Act
  119-hr-77: Midnight Rules Relief Act
  119-hr-27: HALT Fentanyl Act
  119-hr-186: Hershel Woody Williams National Medal of Honor Monument Loca
  119-hr-26: Protecting American Energy Production Act
  119-hr-63: ALVIN Act
  119-hr-143: Unauthorized Spending Accountability Act
  119-hr-49: No Pro-Abortion Task Force Act
  119-hr-82: Defund National Endowment for the Humanities Act of 2025
  119-hr-193: Maintaining Innovation and Safe Technologies Act
  119-hr-139: Sunshine Protection Act of 2025
  119-hr-41: Unrecognized Southeast Alaska Native Communities Recognition
  119-hr-33: To amend the Internal Revenue Code of 1986 to provide specia
  119-hr-35: Agent Raul Gonzalez Officer Safety Act
  119-hr-73: Abortion Is Not Health Care Act of 2025
  119-hr-90: Health Coverage Choice Act
  119-hr-71: Veterans Health Care Freedom Act
  119-hr-137: TCJA Permanency Act
  119-hr-21: Born-Alive Abortion Survivors Protection Act
  119-hr-25: FairTax Act of 2025
  119-hr-81: Travel Mask Mandate Repeal Act of 2025
  119-hr-198: SERVE Our Communities Act
  119-hr-194: Venue Named Under Exception Act
  119-hr-182: Default Prevention Act
  119-hr-154: Election Day Act
  119-hr-102: American Sovereignty and Species Protection Act of 2025
  119-hr-145: Risk Disclosure and Investor Attestation Act
  119-hr-51: Washington, D.C. Admission Act
  119-hr-161: New Source Review Permitting Improvement Act
  119-hr-113: Budget Process Enhancement Act
  119-hr-67: Modernizing Retrospective Regulatory Review
  119-hr-159: CLEAN Public Service Act
  119-hr-84: Native American Education Opportunity Act
  119-hr-208: No Budget, No Pay Act
  119-hr-177: Yosemite National Park Equal Access and Fairness Act
  119-hr-135: Manatee Protection Act of 2025
  119-hr-42: Alaska Native Settlement Trust Eligibility Act
  119-hr-91: Freedom for Farmers Act of 2025
  119-hr-203: Red Light Act
  119-hr-132: Western Water Accelerated Revenue Repayment Act
  119-hr-72: TBI and PTSD Treatment Act
  119-hr-94: To terminate the designation of the Islamic Republic of Paki
  119-hr-88: Medical Innovation Acceleration Act of 2025
  119-hr-106: LIST Act of 2025
  119-hr-190: SEND THEM BACK Act of 2025
  119-hr-174: Consequences for Social Security Fraud Act
  119-hr-103: Congressional Border Security Assessment Act
  119-hr-149: Lead by Example Act of 2025
  119-hr-52: Stop Woke Investing Act
  119-hr-70: No SmartPay for Anti-2A Companies Act
  119-hr-168: TORCH Act
  119-hr-153: Post-Disaster Assistance Online Accountability Act
  119-hr-191: Inflation Reduction Act of 2025
  119-hr-40: Commission to Study and Develop Reparation Proposals for Afr
  119-hr-101: Judicial Administration and Improvement Act of 2025
  119-hr-99: Protecting Businesses From Frivolous COVID Lawsuits Act of 2
  119-hr-162: First Amendment Accountability Act
  119-hr-109: TEAM Veteran Caregivers Act
  119-hr-204: ACRES Act
  119-hr-116: Stopping Border Surges Act
  119-hr-78: Pregnant Women Health and Safety Act of 2025
  119-hr-62: WILLIS Act
  119-hr-148: Keep Your Coins Act of 2025
  119-hr-181: To amend the Endangered Species Act of 1973 to provide that 
  119-hr-89: Prescription Freedom Act of 2025
  119-hr-32: No Bailout for Sanctuary Cities Act
  119-hr-69: Freedom to Petition the Government Act
  119-hr-31: POLICE Act of 2025
  119-hr-87: Protecting Our Children from the CDC Act
  119-hr-151: Equal Representation Act
  119-hr-112: FUEL Reform Act
  119-hr-201: Federal Employee Performance and Accountability Act of 2025
  119-hr-36: MEGOBARI Act
  119-hr-206: Landlord Accountability Act of 2025
  119-hr-183: Law Enforcement Officer and Firefighter Recreation Pass Act
  119-hr-157: CLEAN Congress Act
  119-hr-29: Laken Riley Act
  119-hr-34: LASSO Act
  119-hr-176: No Immigration Benefits for Hamas Terrorists Act of 2025
  119-hr-38: Constitutional Concealed Carry Reciprocity Act of 2025
  119-hr-24: Federal Reserve Transparency Act of 2025
  119-hr-57: Ending Catch and Release Act of 2025
  119-hr-93: Stop Imposing Woke Ideology Abroad Act
  119-hr-130: Trust the Science Act
  119-hr-172: Defund Heroin Injection Centers Act of 2025
  119-hr-54: WHO Withdrawal Act
  119-hr-141: Trailer Safety Improvement Act
  119-hr-118: No Federal Funds for Political Prosecutions Act
  119-hr-98: End Endless Criminal Statutes Act
  119-hr-53: Responsible Borrower Protection Act of 2025
  119-hr-79: Freedom from Mandates Act
  119-hr-121: No Vaccine Passports Act
  119-hr-117: Fourth Amendment Restoration Act
  119-hr-61: Ensuring United Families at the Border Act
  119-hr-140: Hurricane Helene and Milton Tax Relief Act of 2025
  119-hr-167: Community Reclamation Partnerships Act of 2025
  119-hr-199: Implementing DOGE Act
  119-hr-128: Fentanyl is a WMD Act
  119-hr-75: HOUSE Act of 2025
  119-hr-86: NOSHA Act
  119-hr-104: Protecting Arizona from Federal Land Grabs Act
  119-hr-210: Dental Care for Veterans Act
  119-hr-213: To prohibit the use of Federal financial assistance for a ce
  119-hr-215: Adoption Information Act
  119-hr-211: Equal Access to Contraception for Veterans Act
  119-hr-214: District of Columbia Legislative Home Rule Act
  119-hr-212: Capitol Remembrance Act
  119-hr-233: HELP PETS Act
  119-hr-221: Abolish the ATF Act
  119-hr-219: Improving Menopause Care for Veterans Act of 2025
  119-hr-237: Paws Off Act of 2025
  119-hr-224: Disabled Veterans Housing Support Act
  119-hr-236: Federal Employee Return to Work Act
  119-hr-226: Eastern Band of Cherokee Historic Lands Reacquisition Act
  119-hr-220: Veterans Infertility Treatment Act of 2025
  119-hr-232: SALT Fairness and Marriage Penalty Elimination Act
  119-hr-239: JFK Act of 2025
  119-hr-222: Sustainable Budget Act of 2025
  119-hr-240: Protect Local Farms Act
  119-hr-230: To prohibit the implementation of the Approved Resource Mana
  119-hr-229: To prohibit the implementation of the Rock Springs Field Off
  119-hr-227: Clergy Act
  119-hr-238: Healthy Technology Act of 2025
  119-hr-217: CHIP IN for Veterans Act of 2025
  119-hr-225: HUD Transparency Act of 2025
  119-hr-216: SEC Act of 2025
  119-hr-234: HOV Lanes for Heroes Act
  119-hr-231: Colorado River Basin System Conservation Extension Act of 20
  119-hr-235: National Museum of Play Recognition Act
  119-hr-223: Preventing Unjust Red Flag Laws Act of 2025
  119-hr-218: State Immigration Enforcement Act
  119-hr-228: To amend the Internal Revenue Code of 1986 to increase and a
  119-hr-321: FLY Act
  119-hr-309: National Law Enforcement Officers Remembrance, Support and C
  119-hr-316: Natural Disaster Recovery Program Act of 2025
  119-hr-254: American Science First Act
  119-hr-307: ARC Act of 2025
  119-hr-270: To authorize the waiver of costs of activities relating to e
  119-hr-285: Advanced Border Coordination Act of 2025
  119-hr-295: Fair Milk Pricing for Farmers Act
  119-hr-306: ESCRA Act
  119-hr-263: Transnational Criminal Organization Illicit Spotter Preventi
  119-hr-302: Water Rights Protection Act
  119-hr-330: Organ Donation Referral Improvement Act
  119-hr-257: SEC Act of 2025
  119-hr-261: Undersea Cable Protection Act of 2025
  119-hr-319: To authorize an additional district judgeship for the distri
  119-hr-241: Sergeant Ted Grubbs Mental Healthcare for Disabled Veterans 
  119-hr-251: Legal Workforce Act
  119-hr-313: Natural Gas Tax Repeal Act
  119-hr-250: To direct the Joint Committee on the Library to procure a st
  119-hr-290: Rural Telehealth and Education Enhancement Act of 2025
  119-hr-329: Expanding Penalty Free Withdrawal Act
  119-hr-301: GEO Act
  119-hr-262: Disaster Reforestation Act
  119-hr-297: HELP PETS Act
  119-hr-286: Preserving Safe Communities by Ending Swatting Act of 2025
  119-hr-294: Dairy Farm Resiliency Act
  119-hr-252: Secure Our Ports Act of 2025
  119-hr-296: Justice for 9/11 Act
  119-hr-266: Educational Opportunity and Success Act of 2025
  119-hr-277: Matthew Lawrence Perna Act of 2025
  119-s-5: Laken Riley Act
  119-s-9: Protection of Women and Girls in Sports Act of 2025
  119-s-27: Federal Employee Return to Work Act
  119-s-26: A bill to exclude locality adjustments from average pay for 
  119-s-29: Sunshine Protection Act of 2025
  119-s-28: Informing Consumers about Smart Devices Act
  119-s-25: Polluters Pay Climate Fund Act of 2025
  119-s-24: A bill to designate the facility of the United States Postal
  119-s-23: DRAIN THE SWAMP Act
  119-s-22: SWAMP Act
  119-s-21: REMOTE Act
  119-s-30: ERASER Act
  119-s-37: VALOR Act of 2025
  119-s-36: Protect Our Seniors Act
  119-s-35: Homeowners Premium Tax Reduction Act of 2025
  119-s-34: Justice for 9/11 Act
  119-s-33: SOPRA
  119-s-32: LACA
  119-s-31: A bill to designate the mountain at the Devils Tower Nationa
  119-s-42: Build the Wall Act of 2025
  119-s-67: Censorship Accountability Act
  119-s-69: COLLUDE Act
  119-s-68: Complete COVID Collections Act
  119-s-66: Transparency in Bureaucratic Communications Act
  119-s-65: Constitutional Concealed Carry Reciprocity Act of 2025
  119-s-64: A bill to direct the United States Postal Service to designa
  119-s-51: Washington, D.C. Admission Act
  119-s-63: CBW Fentanyl Act
  119-s-40: Commission to Study and Develop Reparation Proposals for Afr
  119-s-62: America First Act
  119-s-61: National Human Trafficking Database Act
  119-s-60: Write the Laws Act
  119-s-59: One Subject at a Time Act
  119-s-58: A bill to designate the facility of the United States Postal
  119-s-57: MAPLE Act
  119-s-54: A bill to authorize an additional district judgeship for the
  119-s-56: SAP Act
  119-s-55: Read the Bills Act
  119-s-53: PRINTS Act
  119-s-52: End Child Trafficking Now Act
  119-s-46: Health Care Affordability Act of 2025
  119-s-45: Balanced Budget Accountability Act
  119-s-50: Transnational Criminal Organization Illicit Spotter Preventi
  119-s-48: SAVE Girls Act
  119-s-49: Expel Illegal Chinese Police Act of 2025
  119-s-47: Defense of Conscience in Health Care Act
  119-s-41: Advanced Border Coordination Act of 2025
  119-s-39: STOP MADURO Act
  119-s-38: Preserving Safe Communities by Ending Swatting Act of 2025
  119-s-44: A bill to direct the Joint Committee of Congress on the Libr
  119-s-43: Skinny Labels, Big Savings Act
  119-s-72: Justice for Jocelyn Act
  119-s-74: Fair Play for Girls Act
  119-s-78: TRUE Accountability Act
  119-s-81: Guidance Clarity Act of 2025
  119-s-73: EMPSA
  119-s-80: STEP Act
  119-s-77: Early Participation in Regulations Act of 2025
  119-s-79: ACCESS Act
  119-s-71: Baby Changing on Board Act
  119-s-70: A bill to require the imposition of sanctions with respect t
  119-s-75: Improving Federal Financial Management Act
  119-s-76: SMART Act of 2025
  119-s-82: Telework Reform Act of 2025
  119-s-83: Thin Blue Line Act
  119-s-93: Harmful Algal Bloom and Hypoxia Research and Control Amendme
  119-s-92: Defending American Sovereignty in Global Pandemics Act
  119-s-91: Western Wildfire Support Act of 2025
  119-s-90: Historic Roadways Protection Act
  119-s-88: No Budget, No Pay Act
  119-s-87: Let's Get to Work Act of 2025
  119-s-89: Sporting Firearms Access Act of 2025
  119-s-86: A bill to repeal the provision of law that provides automati
  119-s-85: Continued Rapid Ohia Death Response Act of 2025
  119-s-84: Sarah's Law
  119-s-94: Miracle on Ice Congressional Gold Medal Act
  119-s-6: Born-Alive Abortion Survivors Protection Act
  119-s-105: Wounded Knee Massacre Memorial and Sacred Site Act
  119-s-103: Extend the TikTok Deadline Act
  119-s-104: Overturn Biden’s Offshore Energy Ban Act
  119-s-102: ROOMIE Act
  119-s-101: Nuclear Waste Informed Consent Act
  119-s-100: Repealing Big Brother Overreach Act
  119-s-99: Strengthening Support for American Manufacturing Act
  119-s-98: Rural Broadband Protection Act of 2025
  119-s-97: Securing Semiconductor Supply Chains Act
  119-s-96: FAIR PREP Act of 2025
  119-s-95: Parris Island Protection Act
  119-s-106: Chiropractic Medicare Coverage Modernization Act of 2025
  119-s-146: TAKE IT DOWN Act
  119-s-145: Dismantle Iran’s Proxy Act of 2025
  119-s-142: Wildland Firefighters Congressional Gold Medal Act
  119-s-141: Connected MOM Act
  119-s-140: Wildfire Prevention Act of 2025
  119-s-144: Farm to Fly Act of 2025
  119-s-143: Natural Gas Tax Repeal Act
  119-s-139: FASD Respect Act
  119-s-138: VA Home Loan Awareness Act of 2025
  119-s-137: FIND Act
  119-s-136: United States-Cuba Trade Act of 2025
  119-s-133: Fire Suppression and Response Funding Assurance Act
  119-s-132: Filing Relief for Natural Disasters Act
  119-s-134: Saving the Civil Service Act
  119-s-135: Wildland Firefighter Paycheck Protection Act of 2025
  119-s-131: PRECEPT Nurses Act
  119-s-127: Whole-Home Repairs Act of 2025
  119-s-128: SAVE Act
  119-s-129: No Tax on Tips Act
  119-s-130: Competition and Antitrust Law Enforcement Reform Act of 2025
  119-s-126: FAIR Act
  119-s-124: Restore VA Accountability Act of 2025
  119-s-125: End Taxpayer Funding for Abortion Providers Act
  119-s-123: Handgun Permit to Purchase Act
  119-s-121: Recover Fraudulent COVID Funds Act
  119-s-122: Qualified Immunity Act of 2025
  119-s-120: Disaster Housing Reform for American Families Act
  119-s-116: A bill to rename the medical center of the Department of Vet
  119-s-115: GATE CRASHERS Act
  119-s-119: No Retaining Every Gun In a System That Restricts Your Right
  119-s-118: Inaugural Committee Transparency Act of 2025
  119-s-117: AMERICANS Act
  119-s-114: CLEAR Act of 2025
  119-s-113: Promoting New Bank Formation Act of 2025
  119-s-112: Make the Migrant Protection Protocols Mandatory Act of 2025
  119-s-111: Red Snapper Act of 2025
  119-s-109: Offshore Energy Security Act of 2025
  119-s-110: Veterans Member Business Loan Act
  119-s-108: Protecting Higher Education from the Chinese Communist Party
  119-s-107: Lumbee Fairness Act
  119-s-149: Public Safety First Act
  119-s-148: RED TAPE Act
  119-s-150: Combating Cartels on Social Media Act of 2025
  119-s-151: Protecting Americans from Tax Hikes on Imported Goods Act of
  119-s-147: Cleaner Air Spaces Act of 2025
  119-s-152: Student Empowerment Act
  119-s-153: Repeal the TikTok Ban Act
  119-s-154: Colorado River Basin System Conservation Extension Act
  119-s-175: A bill to rescind the unobligated balances of amounts approp
  119-s-174: Amtrak Transparency Act
  119-s-173: Fueling Alternative Transportation with a Carbon Aviation Ta
  119-s-172: Stopping Adversarial Tariff Evasion Act
  119-s-171: A bill to remove the lesser prairie-chicken from the lists o
  119-s-169: Child Care Workforce and Facilities Act of 2025
  119-s-168: Energy for America’s Economic Future Act
  119-s-170: BIG OIL from the Cabinet Act
  119-s-167: Protect and Serve Act of 2025
  119-s-166: Justice for Fallen Law Enforcement Act
  119-s-165: Stopping Overdoses of Fentanyl Analogues Act
  119-s-164: Midnight Rules Relief Act of 2025
  119-s-163: Protecting Students on Campus Act of 2025
  119-s-162: Recruiting Families Using Data Act of 2025
  119-s-161: She DRIVES Act
  119-s-160: Aerial Firefighting Enhancement Act of 2025
  119-s-159: Standing Against Houthi Aggression Act
  119-s-158: Preventing Violence Against Women by Illegal Aliens Act
  119-s-157: CONTAINER Act
  119-s-155: MAILS Act
  119-s-156: Increased TSP Access Act of 2025
  119-s-177: Protect Funding for Women's Health Care Act
  119-s-198: PLO and PA Terror Payments Accountability Act of 2025
  119-s-197: Protecting Military Installations and Ranges Act of 2025
  119-s-196: MAIN Event Ticketing Act
  119-s-195: American Music Tourism Act of 2025
  119-s-194: HITS Act
  119-s-193: Neighbors Not Enemies Act
  119-s-192: Restricting First Use of Nuclear Weapons Act of 2025
  119-s-191: LICENSE Act of 2025
  119-s-190: North Pacific Research Board Enhancement Act
  119-s-188: Free Speech Protection Act
  119-s-189: CONSTRUCTS Act of 2025
  119-s-187: ALIGN Act
  119-s-186: No Taxpayer Funding for Abortion and Abortion Insurance Full
  119-s-185: Justice for Victims of Sanctuary Cities Act of 2025
  119-s-184: CURD Act
  119-s-183: Fiscal Year 2025 Veterans Affairs Major Medical Facility Aut
  119-s-181: A bill to require agencies submit zero-based budgets.
  119-s-182: Northwest Energy Security Act
  119-s-180: Protecting First Responders from Secondary Exposure Act of 2
  119-s-179: FARM Act
  119-s-178: Ensuring Accurate and Complete Abortion Data Reporting Act o
  119-s-176: Not One More Inch or Acre Act
  119-s-238: FREE Act
  119-s-237: Honoring Our Fallen Heroes Act of 2025
  119-s-236: A bill to amend the Act of August 9, 1955 (commonly known as
  119-s-235: Apprenticeship Pathways Act of 2025
  119-s-234: Prosecutors Need to Prosecute Act of 2025
  119-s-233: Restoring Confidence in the World Anti-Doping Agency Act of 
  119-s-232: Preventing Algorithmic Collusion Act of 2025
  119-s-229: DTC Act of 2025
  119-s-228: Acequia Communities Empowered by Qualifying Upgrades for Inf
  119-s-231: WEATHER Act of 2025
  119-s-230: Unborn Child Support Act
  119-s-227: PEACE Act of 2025
  119-s-226: No Tax Dollars for Terrorists Act
  119-s-225: End Unaccountable Amnesty Act
  119-s-224: Promoting Domestic Energy Production Act
  119-s-223: Restoring the First Amendment and Right to Peaceful Civil Di
  119-s-222: Whole Milk for Healthy Kids Act of 2025
  119-s-221: Extending Limits of United States Customs Waters Act of 2025
  119-s-220: Ending Presidential Overreach on Public Lands Act
  119-s-218: A bill to designate the area between the intersections of 16
  119-s-217: Apex Project, Nevada Land Transfer and Authorization Act Ame
  119-s-219: Veterans Health Care Freedom Act
  119-s-216: Save Our Seas 2.0 Amendments Act
  119-s-215: Maintaining Academy Culture and Assuring Retention of Tradit
  119-s-214: MEDAL Act of 2025
  119-s-213: Main Street Tax Certainty Act
  119-s-211: Resiliency for Ranching and Natural Conservation Health Act
  119-s-212: POLICE Act of 2025
  119-s-210: SWAG Act
  119-s-207: Protecting Life on College Campus Act of 2025
  119-s-209: Protecting Minors from Medical Malpractice Act of 2025
  119-s-208: A bill to amend the Public Health Service Act to reauthorize
  119-s-206: Restoring Trade Fairness Act
  119-s-205: Protecting Individuals with Down Syndrome Act
  119-s-203: Defund Planned Parenthood Act
  119-s-204: Families’ Rights and Responsibilities Act
  119-s-202: Helping Small Businesses THRIVE Act
  119-s-201: ACES Act of 2025
  119-s-200: RULES Act
  119-s-199: A bill to amend the Internal Revenue Code of 1986 to provide
  119-s-241: Northern Montana Water Security Act of 2025
  119-s-254: ARTIST Act
  119-s-255: Archie Cavanaugh Migratory Bird Treaty Amendment Act
  119-s-252: GOOD Act
  119-s-251: Protecting Life in Health Savings Accounts Act
  119-s-250: Protecting Life in Foreign Assistance Act
  119-s-253: Abortion Is Not Health Care Act of 2025
  119-s-249: Access to Pediatric Technologies Act of 2025
  119-s-248: Sustainable Cardiopulmonary Rehabilitation Services in the H
  119-s-247: Choices for Increased Mobility Act of 2025
  119-s-246: Interstate Transport Act of 2025
  119-s-245: Insure Cybersecurity Act of 2025
  119-s-244: ROUTERS Act
  119-s-243: Radiation Exposure Compensation Reauthorization Act
  119-s-242: Dignity for Aborted Children Act
  119-s-240: Crow Tribe Water Rights Settlement Amendments Act of 2025
  119-s-239: Crow Revenue Act
  119-s-256: Pardon Transparency and Accountability Act of 2025
  119-s-257: Promoting Resilient Supply Chains Act of 2025
  119-s-263: FAIR Act of 2025
  119-s-262: Master Sergeant Roddie Edmonds Congressional Gold Medal Act
  119-s-261: Halt All United States Investments in Venezuela’s Energy Sec
  119-s-260: Bottles and Breastfeeding Equipment Screening Enhancement Ac
  119-s-259: Foreign Adversary Communications Transparency Act
  119-s-258: TORNADO Act
  119-s-264: Improving Veterans’ Experience Act of 2025
  119-s-287: Marcella LeBeau Recognition Act
  119-s-286: Stop Human Trafficking of Unaccompanied Migrant Children Act
  119-s-285: Fairness for Crime Victims Act of 2025
  119-sjres-1: A joint resolution proposing an amendment to the Constitutio
  119-sjres-2: A joint resolution proposing amendments to the Constitution 
  119-sjres-3: A joint resolution providing for congressional disapproval u
  119-sjres-5: A joint resolution directing the removal of United States Ar
  119-sjres-6: A joint resolution directing the removal of United States Ar
  119-sjres-4: A joint resolution providing for congressional disapproval u
  119-sjres-7: A joint resolution providing for congressional disapproval u
  119-sjres-9: A joint resolution providing for congressional disapproval u
  119-sjres-8: A joint resolution providing for congressional disapproval u
  119-sjres-10: A joint resolution terminating the national emergency declar
  119-sjres-13: A joint resolution providing for congressional disapproval u
  119-sjres-12: A joint resolution providing for congressional disapproval u
  119-sjres-11: A joint resolution providing for congressional disapproval u
  119-sjres-17: A joint resolution providing for congressional disapproval u
  119-sjres-16: A joint resolution proposing an amendment to the Constitutio
  119-sjres-15: A joint resolution disapproving the rule submitted by the Fi
  119-sjres-14: A joint resolution providing for congressional disapproval u
  119-sjres-19: A joint resolution providing for congressional disapproval u
  119-sjres-18: A joint resolution disapproving the rule submitted by the Bu
  119-sjres-20: A joint resolution providing for congressional disapproval o
  119-sjres-21: A joint resolution providing for congressional disapproval o
  119-sjres-22: A joint resolution providing for congressional disapproval o
  119-sjres-23: A joint resolution providing for congressional disapproval o
  119-sjres-27: A joint resolution providing for congressional disapproval o
  119-sjres-26: A joint resolution providing for congressional disapproval o
  119-sjres-25: A joint resolution providing for congressional disapproval o
  119-sjres-24: A joint resolution providing for congressional disapproval u
  119-sjres-28: A joint resolution disapproving the rule submitted by the Bu
  119-sjres-30: A joint resolution providing for congressional disapproval u
  119-sjres-29: A joint resolution providing for congressional disapproval u
  119-sjres-31: A joint resolution providing for congressional disapproval u
  119-sjres-34: A joint resolution providing for congressional disapproval o
  119-sjres-35: A joint resolution providing for congressional disapproval o
  119-sjres-33: A joint resolution providing for congressional disapproval o
  119-sjres-32: A joint resolution providing for congressional disapproval o
  119-sjres-37: A joint resolution terminating the national emergency declar
  119-sjres-36: A joint resolution providing for congressional disapproval u
  119-sjres-38: A joint resolution establishing the ratification of the Equa
  119-sjres-39: A joint resolution providing for congressional disapproval u
  119-sjres-44: A joint resolution providing for congressional disapproval u
  119-sjres-43: A joint resolution proposing an amendment to the Constitutio
  119-sjres-42: A joint resolution providing for congressional disapproval o
  119-sjres-41: A joint resolution providing for congressional disapproval o
  119-sjres-40: A joint resolution providing for congressional disapproval o
  119-sjres-47: A joint resolution providing for congressional disapproval u
